<?xml version="1.0" encoding="UTF-8"?>
<!-- Generated by org.testng.reporters.JUnitXMLReporter -->
<testsuite ignored="0" hostname="DESKTOP-98I1HA0" failures="0" tests="3" name="Default test" time="2.661" errors="0" timestamp="2021-06-21T15:22:34 IST">
  <testcase classname="MA.automation.TestClass" name="testDataProvider" time="0.011"/>
  <testcase classname="MA.automation.TestClass" name="testDataProvider" time="0.003"/>
  <testcase classname="MA.automation.TestClass" name="testDataProvider" time="0.003"/>
</testsuite> <!-- Default test -->
