-------------------------------------------------------------------------------
Test set: TestSuite
-------------------------------------------------------------------------------
Tests run: 9, Failures: 1, Errors: 0, Skipped: 8, Time elapsed: 1.465 s <<< FAILURE! - in TestSuite
com.tests.LoginTest.setUpTest[chrome](0)  Time elapsed: 1.054 s  <<< FAILURE!
java.lang.IllegalStateException: The driver executable does not exist: F:\Shiva\Final2021_Auto\automation\chromedriver.exe

